c:\users\40705\desktop\数据结构课设\数据结构\keyword retrieval system\debug\vc143.pdb
c:\users\40705\desktop\数据结构课设\数据结构\keyword retrieval system\debug\vc143.idb
c:\users\40705\desktop\数据结构课设\数据结构\keyword retrieval system\debug\keyword retrieval system.obj
c:\users\40705\desktop\数据结构课设\数据结构\keyword retrieval system\debug\05 keyword retrieval system.ilk
c:\users\40705\desktop\数据结构课设\数据结构\debug\05 keyword retrieval system.exe
c:\users\40705\desktop\数据结构课设\数据结构\debug\05 keyword retrieval system.pdb
c:\users\40705\desktop\大二上\数据结构\数据结构课设\数据结构\keyword retrieval system\debug\keyword retrieval system.obj
c:\users\40705\desktop\大二上\数据结构\数据结构课设\数据结构\keyword retrieval system\debug\keyword retrieval system.obj.enc
c:\users\40705\desktop\大二上\数据结构\数据结构课设\数据结构\keyword retrieval system\debug\05 keyword retrieval system.ilk
c:\users\40705\desktop\大二上\数据结构\数据结构课设\数据结构\keyword retrieval system\debug\vc143.idb
c:\users\40705\desktop\大二上\数据结构\数据结构课设\数据结构\keyword retrieval system\debug\vc143.pdb
c:\users\40705\desktop\大二上\数据结构\数据结构课设\数据结构\debug\05 keyword retrieval system.pdb
c:\users\40705\desktop\大二上\数据结构\数据结构课设\数据结构\debug\05 keyword retrieval system.exe
c:\users\40705\desktop\大二上\数据结构\数据结构课设\数据结构\keyword retrieval system\debug\05 keywo.3dc9a6c9.tlog\cl.command.1.tlog
c:\users\40705\desktop\大二上\数据结构\数据结构课设\数据结构\keyword retrieval system\debug\05 keywo.3dc9a6c9.tlog\cl.items.tlog
c:\users\40705\desktop\大二上\数据结构\数据结构课设\数据结构\keyword retrieval system\debug\05 keywo.3dc9a6c9.tlog\cl.read.1.tlog
c:\users\40705\desktop\大二上\数据结构\数据结构课设\数据结构\keyword retrieval system\debug\05 keywo.3dc9a6c9.tlog\cl.write.1.tlog
c:\users\40705\desktop\大二上\数据结构\数据结构课设\数据结构\keyword retrieval system\debug\05 keywo.3dc9a6c9.tlog\link.command.1.tlog
c:\users\40705\desktop\大二上\数据结构\数据结构课设\数据结构\keyword retrieval system\debug\05 keywo.3dc9a6c9.tlog\link.read.1.tlog
c:\users\40705\desktop\大二上\数据结构\数据结构课设\数据结构\keyword retrieval system\debug\05 keywo.3dc9a6c9.tlog\link.write.1.tlog
